# JRE version: OpenJDK Runtime Environment (17.0.11) (build 17.0.11+0--11852314)
# Java VM: OpenJDK 64-Bit Server VM (17.0.11+0--11852314, mixed mode, tiered, compressed oops, compressed class ptrs, g1 gc, windows-amd64)
GC Precious Log:
 CPUs: 4 total, 4 available
 Memory: 7975M
 Large Page Support: Disabled
 NUMA Support: Disabled
 Compressed Oops: Enabled (32-bit)
 Heap Region Size: 1M
 Heap Min Capacity: 8M
 Heap Initial Capacity: 126M
 Heap Max Capacity: 2G
 Pre-touch: Disabled
 Parallel Workers: 4
 Concurrent Workers: 1
 Concurrent Refinement Workers: 4
 Periodic GC: Disabled
Heap:
 garbage-first heap   total 68608K, used 36032K [0x0000000080000000, 0x0000000100000000)
  region size 1024K, 18 young (18432K), 4 survivors (4096K)
 Metaspace       used 32016K, committed 32320K, reserved 1114112K
  class space    used 4292K, committed 4480K, reserved 1048576K
GC Heap History (12 events):
Event: 5.577 GC heap before
{Heap before GC invocations=0 (full 0):
 garbage-first heap   total 129024K, used 12288K [0x0000000080000000, 0x0000000100000000)
  region size 1024K, 13 young (13312K), 0 survivors (0K)
 Metaspace       used 7690K, committed 7872K, reserved 1114112K
  class space    used 676K, committed 768K, reserved 1048576K
}
Event: 5.613 GC heap after
{Heap after GC invocations=1 (full 0):
 garbage-first heap   total 129024K, used 2860K [0x0000000080000000, 0x0000000100000000)
  region size 1024K, 2 young (2048K), 2 survivors (2048K)
 Metaspace       used 7690K, committed 7872K, reserved 1114112K
  class space    used 676K, committed 768K, reserved 1048576K
}
Event: 7.925 GC heap before
{Heap before GC invocations=1 (full 0):
 garbage-first heap   total 129024K, used 22316K [0x0000000080000000, 0x0000000100000000)
  region size 1024K, 18 young (18432K), 2 survivors (2048K)
 Metaspace       used 11383K, committed 11520K, reserved 1114112K
  class space    used 1195K, committed 1280K, reserved 1048576K
}
Event: 7.930 GC heap after
{Heap after GC invocations=2 (full 0):
 garbage-first heap   total 129024K, used 11112K [0x0000000080000000, 0x0000000100000000)
  region size 1024K, 3 young (3072K), 3 survivors (3072K)
 Metaspace       used 11383K, committed 11520K, reserved 1114112K
  class space    used 1195K, committed 1280K, reserved 1048576K
}
Event: 9.100 GC heap before
{Heap before GC invocations=2 (full 0):
 garbage-first heap   total 129024K, used 31592K [0x0000000080000000, 0x0000000100000000)
  region size 1024K, 24 young (24576K), 3 survivors (3072K)
 Metaspace       used 11496K, committed 11648K, reserved 1114112K
  class space    used 1199K, committed 1280K, reserved 1048576K
}
Event: 9.103 GC heap after
{Heap after GC invocations=3 (full 0):
 garbage-first heap   total 129024K, used 11802K [0x0000000080000000, 0x0000000100000000)
  region size 1024K, 1 young (1024K), 1 survivors (1024K)
 Metaspace       used 11496K, committed 11648K, reserved 1114112K
  class space    used 1199K, committed 1280K, reserved 1048576K
}
Event: 17.025 GC heap before
{Heap before GC invocations=3 (full 0):
 garbage-first heap   total 129024K, used 63002K [0x0000000080000000, 0x0000000100000000)
  region size 1024K, 51 young (52224K), 1 survivors (1024K)
 Metaspace       used 21239K, committed 21504K, reserved 1114112K
  class space    used 2490K, committed 2624K, reserved 1048576K
}
Event: 17.036 GC heap after
{Heap after GC invocations=4 (full 0):
 garbage-first heap   total 129024K, used 19451K [0x0000000080000000, 0x0000000100000000)
  region size 1024K, 8 young (8192K), 8 survivors (8192K)
 Metaspace       used 21239K, committed 21504K, reserved 1114112K
  class space    used 2490K, committed 2624K, reserved 1048576K
}
Event: 20.161 GC heap before
{Heap before GC invocations=5 (full 0):
 garbage-first heap   total 68608K, used 51195K [0x0000000080000000, 0x0000000100000000)
  region size 1024K, 40 young (40960K), 8 survivors (8192K)
 Metaspace       used 26365K, committed 26624K, reserved 1114112K
  class space    used 3348K, committed 3456K, reserved 1048576K
}
Event: 20.171 GC heap after
{Heap after GC invocations=6 (full 0):
 garbage-first heap   total 68608K, used 21103K [0x0000000080000000, 0x0000000100000000)
  region size 1024K, 2 young (2048K), 2 survivors (2048K)
 Metaspace       used 26365K, committed 26624K, reserved 1114112K
  class space    used 3348K, committed 3456K, reserved 1048576K
}
Event: 22.237 GC heap before
{Heap before GC invocations=6 (full 0):
 garbage-first heap   total 68608K, used 48751K [0x0000000080000000, 0x0000000100000000)
  region size 1024K, 29 young (29696K), 2 survivors (2048K)
 Metaspace       used 30072K, committed 30464K, reserved 1114112K
  class space    used 3958K, committed 4160K, reserved 1048576K
}
Event: 22.241 GC heap after
{Heap after GC invocations=7 (full 0):
 garbage-first heap   total 68608K, used 22720K [0x0000000080000000, 0x0000000100000000)
  region size 1024K, 4 young (4096K), 4 survivors (4096K)
 Metaspace       used 30072K, committed 30464K, reserved 1114112K
  class space    used 3958K, committed 4160K, reserved 1048576K
}

